Using pre-set license
Built from '2020.3/staging' branch; Version is '2020.3.4f1 (0abb6314276a) revision 703331'; Using compiler version '192528614'; Build Type 'Release'
OS: 'Windows 10 Home; OS build 22000.856; Version 2009; 64bit' Language: 'zh' Physical Memory: 65426 MB
BatchMode: 1, IsHumanControllingUs: 0, StartBugReporterOnCrash: 0, Is64bit: 1, IsPro: 0

 COMMAND LINE ARGUMENTS:
D:\Program Files\Unity\Editor\Unity.exe
-adb2
-batchMode
-noUpm
-name
AssetImportWorker0
-projectPath
D:/RIT/Soul-Like
-logFile
Logs/AssetImportWorker0.log
-srvPort
8641
Successfully changed project path to: D:/RIT/Soul-Like
D:/RIT/Soul-Like
Using Asset Import Pipeline V2.
Refreshing native plugins compatible for Editor in 36.17 ms, found 0 plugins.
Preloading 0 native plugins for Editor in 0.00 ms.
Initialize engine version: 2020.3.4f1 (0abb6314276a)
[Subsystems] Discovering subsystems at path D:/Program Files/Unity/Editor/Data/Resources/UnitySubsystems
[Subsystems] Discovering subsystems at path D:/RIT/Soul-Like/Assets
GfxDevice: creating device client; threaded=0
Direct3D:
    Version:  Direct3D 11.0 [level 11.1]
    Renderer: NVIDIA GeForce RTX 3080 (ID=0x220a)
    Vendor:   
    VRAM:     12116 MB
    Driver:   31.0.15.1659
Initialize mono
Mono path[0] = 'D:/Program Files/Unity/Editor/Data/Managed'
Mono path[1] = 'D:/Program Files/Unity/Editor/Data/MonoBleedingEdge/lib/mono/unityjit'
Mono config path = 'D:/Program Files/Unity/Editor/Data/MonoBleedingEdge/etc'
Using monoOptions --debugger-agent=transport=dt_socket,embedding=1,server=y,suspend=n,address=127.0.0.1:56436
Begin MonoManager ReloadAssembly
Registering precompiled unity dll's ...
Register platform support module: D:/Program Files/Unity/Editor/Data/PlaybackEngines/WindowsStandaloneSupport/UnityEditor.WindowsStandalone.Extensions.dll
Registered in 0.000570 seconds.
Native extension for WindowsStandalone target not found
Refreshing native plugins compatible for Editor in 41.02 ms, found 0 plugins.
Preloading 0 native plugins for Editor in 0.00 ms.
Mono: successfully reloaded assembly
- Completed reload, in  0.663 seconds
Platform modules already initialized, skipping
Registering precompiled user dll's ...
Registered in 0.000516 seconds.
Begin MonoManager ReloadAssembly
Native extension for WindowsStandalone target not found
Refreshing native plugins compatible for Editor in 40.49 ms, found 0 plugins.
Preloading 0 native plugins for Editor in 0.00 ms.
Mono: successfully reloaded assembly
- Completed reload, in  0.694 seconds
Platform modules already initialized, skipping
========================================================================
Worker process is ready to serve import requests
Launched and connected shader compiler UnityShaderCompiler.exe after 0.03 seconds
Refreshing native plugins compatible for Editor in 0.44 ms, found 0 plugins.
Preloading 0 native plugins for Editor in 0.00 ms.
Unloading 1423 Unused Serialized files (Serialized files now loaded: 0)
System memory in use before: 70.5 MB.
System memory in use after: 70.6 MB.

Unloading 12 unused Assets to reduce memory usage. Loaded Objects now: 1868.
Total: 1.595200 ms (FindLiveObjects: 0.172400 ms CreateObjectMapping: 0.051300 ms MarkObjects: 1.296500 ms  DeleteObjects: 0.074200 ms)

========================================================================
Received Import Request.
  path: Assets/_DarkSouls_Resources/Character/Walk.anim
  artifactKey: Guid(582baf4c34ad4d943a5b952f5eb5dd46) Importer(815301076,1909f56bfc062723c751e8b465ee728b)
Start importing Assets/_DarkSouls_Resources/Character/Walk.anim using Guid(582baf4c34ad4d943a5b952f5eb5dd46) Importer(815301076,1909f56bfc062723c751e8b465ee728b)  -> (artifact id: '9da1827b06f1ea354ca8ac86a8667089') in 0.021371 seconds
  Import took 0.023345 seconds .

========================================================================
Received Import Request.
  Time since last request: 4.788489 seconds.
  path: Assets/Animation/Humanoid.controller
  artifactKey: Guid(a8a6015492bc14541bc19952548f2b3e) Importer(815301076,1909f56bfc062723c751e8b465ee728b)
Start importing Assets/Animation/Humanoid.controller using Guid(a8a6015492bc14541bc19952548f2b3e) Importer(815301076,1909f56bfc062723c751e8b465ee728b)  -> (artifact id: '9e1caa450349044a7613e4708b21f03f') in 0.033124 seconds
  Import took 0.035511 seconds .

========================================================================
Received Import Request.
  Time since last request: 35.183509 seconds.
  path: Assets/_DarkSouls_Resources/Movements/Animations/Straight_Sword_Anim_1.0.fbx
  artifactKey: Guid(6e2f485a5cf07ed4ca20959e516193ce) Importer(815301076,1909f56bfc062723c751e8b465ee728b)
Start importing Assets/_DarkSouls_Resources/Movements/Animations/Straight_Sword_Anim_1.0.fbx using Guid(6e2f485a5cf07ed4ca20959e516193ce) Importer(815301076,1909f56bfc062723c751e8b465ee728b)  -> (artifact id: '11b2b11f24f5832a0346fbf7e61f5eae') in 6.587434 seconds
  Import took 6.593075 seconds .

========================================================================
Received Import Request.
  Time since last request: 0.000254 seconds.
  path: Assets/_DarkSouls_Resources/Movements/Animations/Straight_Sword_Anim_1.0_Locomotion.fbx
  artifactKey: Guid(10bf55ddc5b1f20408e7fa0a8e93ae40) Importer(815301076,1909f56bfc062723c751e8b465ee728b)
Start importing Assets/_DarkSouls_Resources/Movements/Animations/Straight_Sword_Anim_1.0_Locomotion.fbx using Guid(10bf55ddc5b1f20408e7fa0a8e93ae40) Importer(815301076,1909f56bfc062723c751e8b465ee728b)  -> (artifact id: '85fcd145e15c241b8cf0d76ead10ff2e') in 0.111867 seconds
  Import took 0.115271 seconds .

========================================================================
Received Import Request.
  Time since last request: 0.000173 seconds.
  path: Assets/_DarkSouls_Resources/Movements/Animations/Straight_Sword_Anim_1.1_Block_Roll_Death_Equip.fbx
  artifactKey: Guid(10f56734873d7864fa1f56282cce6fa6) Importer(815301076,1909f56bfc062723c751e8b465ee728b)
Start importing Assets/_DarkSouls_Resources/Movements/Animations/Straight_Sword_Anim_1.1_Block_Roll_Death_Equip.fbx using Guid(10f56734873d7864fa1f56282cce6fa6) Importer(815301076,1909f56bfc062723c751e8b465ee728b)  -> (artifact id: 'b97cbbfa164e70fbb95c07523f609564') in 0.082601 seconds
  Import took 0.086478 seconds .

========================================================================
Received Import Request.
  Time since last request: 93.538696 seconds.
  path: Assets/Scripts/PlayerManager.cs
  artifactKey: Guid(f52abb71110e71a488ad4555b6486564) Importer(815301076,1909f56bfc062723c751e8b465ee728b)
Start importing Assets/Scripts/PlayerManager.cs using Guid(f52abb71110e71a488ad4555b6486564) Importer(815301076,1909f56bfc062723c751e8b465ee728b)  -> (artifact id: '20c5b516fb3ac3a02b43000871839d26') in 0.008470 seconds
  Import took 0.010814 seconds .

========================================================================
Received Import Request.
  Time since last request: 0.000883 seconds.
  path: Assets/Scripts/PlayerManager.cs
  artifactKey: Guid(f52abb71110e71a488ad4555b6486564) Importer(815301076,1909f56bfc062723c751e8b465ee728b)
Start importing Assets/Scripts/PlayerManager.cs using Guid(f52abb71110e71a488ad4555b6486564) Importer(815301076,1909f56bfc062723c751e8b465ee728b)  -> (artifact id: '20c5b516fb3ac3a02b43000871839d26') in 0.001149 seconds
  Import took 0.003123 seconds .

========================================================================
Received Import Request.
  Time since last request: 2011.762505 seconds.
  path: Assets/Scripts/PlayerManager.cs
  artifactKey: Guid(f52abb71110e71a488ad4555b6486564) Importer(815301076,1909f56bfc062723c751e8b465ee728b)
Start importing Assets/Scripts/PlayerManager.cs using Guid(f52abb71110e71a488ad4555b6486564) Importer(815301076,1909f56bfc062723c751e8b465ee728b)  -> (artifact id: '74f2cfc5d9b81af3498e9f2001a76c02') in 0.001318 seconds
  Import took 0.003762 seconds .

========================================================================
Received Import Request.
  Time since last request: 321.307412 seconds.
  path: Assets/Scripts/PlayerManager.cs
  artifactKey: Guid(f52abb71110e71a488ad4555b6486564) Importer(815301076,1909f56bfc062723c751e8b465ee728b)
Start importing Assets/Scripts/PlayerManager.cs using Guid(f52abb71110e71a488ad4555b6486564) Importer(815301076,1909f56bfc062723c751e8b465ee728b)  -> (artifact id: '27afbf1334341d2fa7431e61618b02b9') in 0.001636 seconds
  Import took 0.004442 seconds .

========================================================================
Received Prepare
Registering precompiled user dll's ...
Registered in 0.000615 seconds.
Begin MonoManager ReloadAssembly
Native extension for WindowsStandalone target not found
Refreshing native plugins compatible for Editor in 0.43 ms, found 0 plugins.
Preloading 0 native plugins for Editor in 0.00 ms.
Mono: successfully reloaded assembly
- Completed reload, in  0.615 seconds
Platform modules already initialized, skipping
Refreshing native plugins compatible for Editor in 0.44 ms, found 0 plugins.
Preloading 0 native plugins for Editor in 0.00 ms.
Unloading 1416 Unused Serialized files (Serialized files now loaded: 0)
System memory in use before: 87.5 MB.
System memory in use after: 87.6 MB.

Unloading 5 unused Assets to reduce memory usage. Loaded Objects now: 1915.
Total: 1.469900 ms (FindLiveObjects: 0.140200 ms CreateObjectMapping: 0.040300 ms MarkObjects: 1.238700 ms  DeleteObjects: 0.049900 ms)

========================================================================
Received Prepare
Registering precompiled user dll's ...
Registered in 0.000452 seconds.
Begin MonoManager ReloadAssembly
Native extension for WindowsStandalone target not found
Refreshing native plugins compatible for Editor in 0.47 ms, found 0 plugins.
Preloading 0 native plugins for Editor in 0.00 ms.
Mono: successfully reloaded assembly
- Completed reload, in  0.635 seconds
Platform modules already initialized, skipping
Refreshing native plugins compatible for Editor in 0.43 ms, found 0 plugins.
Preloading 0 native plugins for Editor in 0.00 ms.
Unloading 1416 Unused Serialized files (Serialized files now loaded: 0)
System memory in use before: 87.5 MB.
System memory in use after: 87.6 MB.

Unloading 5 unused Assets to reduce memory usage. Loaded Objects now: 1918.
Total: 1.599700 ms (FindLiveObjects: 0.143000 ms CreateObjectMapping: 0.042800 ms MarkObjects: 1.341400 ms  DeleteObjects: 0.071600 ms)

========================================================================
Received Prepare
Registering precompiled user dll's ...
Registered in 0.000512 seconds.
Begin MonoManager ReloadAssembly
Native extension for WindowsStandalone target not found
Refreshing native plugins compatible for Editor in 0.44 ms, found 0 plugins.
Preloading 0 native plugins for Editor in 0.00 ms.
Mono: successfully reloaded assembly
- Completed reload, in  0.597 seconds
Platform modules already initialized, skipping
Refreshing native plugins compatible for Editor in 0.43 ms, found 0 plugins.
Preloading 0 native plugins for Editor in 0.00 ms.
Unloading 1416 Unused Serialized files (Serialized files now loaded: 0)
System memory in use before: 87.6 MB.
System memory in use after: 87.6 MB.

Unloading 5 unused Assets to reduce memory usage. Loaded Objects now: 1921.
Total: 1.474700 ms (FindLiveObjects: 0.132300 ms CreateObjectMapping: 0.039000 ms MarkObjects: 1.250800 ms  DeleteObjects: 0.051900 ms)

========================================================================
Received Prepare
Registering precompiled user dll's ...
Registered in 0.000482 seconds.
Begin MonoManager ReloadAssembly
Native extension for WindowsStandalone target not found
Refreshing native plugins compatible for Editor in 0.43 ms, found 0 plugins.
Preloading 0 native plugins for Editor in 0.00 ms.
Mono: successfully reloaded assembly
- Completed reload, in  0.593 seconds
Platform modules already initialized, skipping
Refreshing native plugins compatible for Editor in 0.42 ms, found 0 plugins.
Preloading 0 native plugins for Editor in 0.00 ms.
Unloading 1416 Unused Serialized files (Serialized files now loaded: 0)
System memory in use before: 87.6 MB.
System memory in use after: 87.6 MB.

Unloading 5 unused Assets to reduce memory usage. Loaded Objects now: 1924.
Total: 1.497800 ms (FindLiveObjects: 0.156300 ms CreateObjectMapping: 0.042100 ms MarkObjects: 1.245000 ms  DeleteObjects: 0.053400 ms)

========================================================================
Received Prepare
Registering precompiled user dll's ...
Registered in 0.000436 seconds.
Begin MonoManager ReloadAssembly
Native extension for WindowsStandalone target not found
Refreshing native plugins compatible for Editor in 0.48 ms, found 0 plugins.
Preloading 0 native plugins for Editor in 0.00 ms.
Mono: successfully reloaded assembly
- Completed reload, in  0.613 seconds
Platform modules already initialized, skipping
Refreshing native plugins compatible for Editor in 0.48 ms, found 0 plugins.
Preloading 0 native plugins for Editor in 0.00 ms.
Unloading 1416 Unused Serialized files (Serialized files now loaded: 0)
System memory in use before: 87.6 MB.
System memory in use after: 87.7 MB.

Unloading 5 unused Assets to reduce memory usage. Loaded Objects now: 1927.
Total: 1.726400 ms (FindLiveObjects: 0.217400 ms CreateObjectMapping: 0.055300 ms MarkObjects: 1.392900 ms  DeleteObjects: 0.059500 ms)

========================================================================
Received Prepare
Registering precompiled user dll's ...
Registered in 0.000676 seconds.
Begin MonoManager ReloadAssembly
Native extension for WindowsStandalone target not found
Refreshing native plugins compatible for Editor in 0.47 ms, found 0 plugins.
Preloading 0 native plugins for Editor in 0.00 ms.
Mono: successfully reloaded assembly
- Completed reload, in  0.629 seconds
Platform modules already initialized, skipping
Refreshing native plugins compatible for Editor in 0.46 ms, found 0 plugins.
Preloading 0 native plugins for Editor in 0.00 ms.
Unloading 1416 Unused Serialized files (Serialized files now loaded: 0)
System memory in use before: 87.6 MB.
System memory in use after: 87.7 MB.

Unloading 5 unused Assets to reduce memory usage. Loaded Objects now: 1930.
Total: 1.568500 ms (FindLiveObjects: 0.158500 ms CreateObjectMapping: 0.042300 ms MarkObjects: 1.313900 ms  DeleteObjects: 0.053100 ms)

========================================================================
Received Import Request.
  Time since last request: 2545.420641 seconds.
  path: Assets/Animation/Humanoid.controller
  artifactKey: Guid(a8a6015492bc14541bc19952548f2b3e) Importer(815301076,1909f56bfc062723c751e8b465ee728b)
Start importing Assets/Animation/Humanoid.controller using Guid(a8a6015492bc14541bc19952548f2b3e) Importer(815301076,1909f56bfc062723c751e8b465ee728b)  -> (artifact id: 'b74350e5c497bc8efba28bd5fa085e3b') in 0.042736 seconds
  Import took 0.045312 seconds .

========================================================================
Received Prepare
Registering precompiled user dll's ...
Registered in 0.000556 seconds.
Begin MonoManager ReloadAssembly
Native extension for WindowsStandalone target not found
Refreshing native plugins compatible for Editor in 0.51 ms, found 0 plugins.
Preloading 0 native plugins for Editor in 0.00 ms.
Mono: successfully reloaded assembly
- Completed reload, in  0.583 seconds
Platform modules already initialized, skipping
Refreshing native plugins compatible for Editor in 0.42 ms, found 0 plugins.
Preloading 0 native plugins for Editor in 0.00 ms.
Unloading 1416 Unused Serialized files (Serialized files now loaded: 0)
System memory in use before: 87.6 MB.
System memory in use after: 87.7 MB.

Unloading 5 unused Assets to reduce memory usage. Loaded Objects now: 1933.
Total: 1.673700 ms (FindLiveObjects: 0.132000 ms CreateObjectMapping: 0.037500 ms MarkObjects: 1.447800 ms  DeleteObjects: 0.055500 ms)

========================================================================
Received Prepare
Registering precompiled user dll's ...
Registered in 0.000416 seconds.
Begin MonoManager ReloadAssembly
Native extension for WindowsStandalone target not found
Refreshing native plugins compatible for Editor in 0.43 ms, found 0 plugins.
Preloading 0 native plugins for Editor in 0.00 ms.
Mono: successfully reloaded assembly
- Completed reload, in  0.591 seconds
Platform modules already initialized, skipping
Refreshing native plugins compatible for Editor in 0.43 ms, found 0 plugins.
Preloading 0 native plugins for Editor in 0.00 ms.
Unloading 1416 Unused Serialized files (Serialized files now loaded: 0)
System memory in use before: 87.6 MB.
System memory in use after: 87.7 MB.

Unloading 5 unused Assets to reduce memory usage. Loaded Objects now: 1936.
Total: 1.525300 ms (FindLiveObjects: 0.152900 ms CreateObjectMapping: 0.044000 ms MarkObjects: 1.280400 ms  DeleteObjects: 0.047300 ms)

========================================================================
Received Prepare
Registering precompiled user dll's ...
Registered in 0.000441 seconds.
Begin MonoManager ReloadAssembly
Native extension for WindowsStandalone target not found
Refreshing native plugins compatible for Editor in 0.43 ms, found 0 plugins.
Preloading 0 native plugins for Editor in 0.00 ms.
Mono: successfully reloaded assembly
- Completed reload, in  0.582 seconds
Platform modules already initialized, skipping
Refreshing native plugins compatible for Editor in 0.46 ms, found 0 plugins.
Preloading 0 native plugins for Editor in 0.00 ms.
Unloading 1416 Unused Serialized files (Serialized files now loaded: 0)
System memory in use before: 87.6 MB.
System memory in use after: 87.7 MB.

Unloading 5 unused Assets to reduce memory usage. Loaded Objects now: 1939.
Total: 1.424500 ms (FindLiveObjects: 0.133100 ms CreateObjectMapping: 0.039000 ms MarkObjects: 1.203300 ms  DeleteObjects: 0.048400 ms)

========================================================================
Received Prepare
Registering precompiled user dll's ...
Registered in 0.000429 seconds.
Begin MonoManager ReloadAssembly
Native extension for WindowsStandalone target not found
Refreshing native plugins compatible for Editor in 0.43 ms, found 0 plugins.
Preloading 0 native plugins for Editor in 0.00 ms.
Mono: successfully reloaded assembly
- Completed reload, in  0.586 seconds
Platform modules already initialized, skipping
Refreshing native plugins compatible for Editor in 0.43 ms, found 0 plugins.
Preloading 0 native plugins for Editor in 0.00 ms.
Unloading 1416 Unused Serialized files (Serialized files now loaded: 0)
System memory in use before: 87.6 MB.
System memory in use after: 87.7 MB.

Unloading 5 unused Assets to reduce memory usage. Loaded Objects now: 1942.
Total: 1.480300 ms (FindLiveObjects: 0.152500 ms CreateObjectMapping: 0.046800 ms MarkObjects: 1.233500 ms  DeleteObjects: 0.046800 ms)

========================================================================
Received Prepare
Registering precompiled user dll's ...
Registered in 0.000445 seconds.
Begin MonoManager ReloadAssembly
Native extension for WindowsStandalone target not found
Refreshing native plugins compatible for Editor in 0.45 ms, found 0 plugins.
Preloading 0 native plugins for Editor in 0.00 ms.
Mono: successfully reloaded assembly
- Completed reload, in  0.580 seconds
Platform modules already initialized, skipping
Refreshing native plugins compatible for Editor in 0.44 ms, found 0 plugins.
Preloading 0 native plugins for Editor in 0.00 ms.
Unloading 1416 Unused Serialized files (Serialized files now loaded: 0)
System memory in use before: 87.6 MB.
System memory in use after: 87.7 MB.

Unloading 5 unused Assets to reduce memory usage. Loaded Objects now: 1945.
Total: 1.603500 ms (FindLiveObjects: 0.178500 ms CreateObjectMapping: 0.058900 ms MarkObjects: 1.312600 ms  DeleteObjects: 0.052800 ms)

========================================================================
Received Prepare
Registering precompiled user dll's ...
Registered in 0.000595 seconds.
Begin MonoManager ReloadAssembly
Native extension for WindowsStandalone target not found
Refreshing native plugins compatible for Editor in 0.44 ms, found 0 plugins.
Preloading 0 native plugins for Editor in 0.00 ms.
Mono: successfully reloaded assembly
- Completed reload, in  0.605 seconds
Platform modules already initialized, skipping
Refreshing native plugins compatible for Editor in 0.44 ms, found 0 plugins.
Preloading 0 native plugins for Editor in 0.00 ms.
Unloading 1416 Unused Serialized files (Serialized files now loaded: 0)
System memory in use before: 87.6 MB.
System memory in use after: 87.7 MB.

Unloading 5 unused Assets to reduce memory usage. Loaded Objects now: 1948.
Total: 1.443600 ms (FindLiveObjects: 0.151800 ms CreateObjectMapping: 0.037300 ms MarkObjects: 1.207300 ms  DeleteObjects: 0.046600 ms)

========================================================================
Received Prepare
Registering precompiled user dll's ...
Registered in 0.000505 seconds.
Begin MonoManager ReloadAssembly
Native extension for WindowsStandalone target not found
Refreshing native plugins compatible for Editor in 0.59 ms, found 0 plugins.
Preloading 0 native plugins for Editor in 0.00 ms.
Mono: successfully reloaded assembly
- Completed reload, in  0.596 seconds
Platform modules already initialized, skipping
Refreshing native plugins compatible for Editor in 0.44 ms, found 0 plugins.
Preloading 0 native plugins for Editor in 0.00 ms.
Unloading 1416 Unused Serialized files (Serialized files now loaded: 0)
System memory in use before: 87.6 MB.
System memory in use after: 87.7 MB.

Unloading 5 unused Assets to reduce memory usage. Loaded Objects now: 1951.
Total: 1.608200 ms (FindLiveObjects: 0.145900 ms CreateObjectMapping: 0.040600 ms MarkObjects: 1.371000 ms  DeleteObjects: 0.050100 ms)

========================================================================
Received Prepare
Registering precompiled user dll's ...
Registered in 0.000703 seconds.
Begin MonoManager ReloadAssembly
Native extension for WindowsStandalone target not found
Refreshing native plugins compatible for Editor in 0.46 ms, found 0 plugins.
Preloading 0 native plugins for Editor in 0.00 ms.
Mono: successfully reloaded assembly
- Completed reload, in  0.631 seconds
Platform modules already initialized, skipping
Refreshing native plugins compatible for Editor in 0.43 ms, found 0 plugins.
Preloading 0 native plugins for Editor in 0.00 ms.
Unloading 1416 Unused Serialized files (Serialized files now loaded: 0)
System memory in use before: 87.7 MB.
System memory in use after: 87.7 MB.

Unloading 5 unused Assets to reduce memory usage. Loaded Objects now: 1954.
Total: 1.584700 ms (FindLiveObjects: 0.175300 ms CreateObjectMapping: 0.049200 ms MarkObjects: 1.305900 ms  DeleteObjects: 0.053400 ms)

========================================================================
Received Prepare
Registering precompiled user dll's ...
Registered in 0.000448 seconds.
Begin MonoManager ReloadAssembly
Native extension for WindowsStandalone target not found
Refreshing native plugins compatible for Editor in 0.64 ms, found 0 plugins.
Preloading 0 native plugins for Editor in 0.00 ms.
Mono: successfully reloaded assembly
- Completed reload, in  0.599 seconds
Platform modules already initialized, skipping
Refreshing native plugins compatible for Editor in 0.43 ms, found 0 plugins.
Preloading 0 native plugins for Editor in 0.00 ms.
Unloading 1416 Unused Serialized files (Serialized files now loaded: 0)
System memory in use before: 87.7 MB.
System memory in use after: 87.7 MB.

Unloading 5 unused Assets to reduce memory usage. Loaded Objects now: 1957.
Total: 1.415300 ms (FindLiveObjects: 0.132400 ms CreateObjectMapping: 0.035500 ms MarkObjects: 1.198000 ms  DeleteObjects: 0.048700 ms)

========================================================================
Received Prepare
Registering precompiled user dll's ...
Registered in 0.000504 seconds.
Begin MonoManager ReloadAssembly
Native extension for WindowsStandalone target not found
Refreshing native plugins compatible for Editor in 0.43 ms, found 0 plugins.
Preloading 0 native plugins for Editor in 0.00 ms.
Mono: successfully reloaded assembly
- Completed reload, in  0.592 seconds
Platform modules already initialized, skipping
Refreshing native plugins compatible for Editor in 0.43 ms, found 0 plugins.
Preloading 0 native plugins for Editor in 0.00 ms.
Unloading 1416 Unused Serialized files (Serialized files now loaded: 0)
System memory in use before: 87.7 MB.
System memory in use after: 87.7 MB.

Unloading 5 unused Assets to reduce memory usage. Loaded Objects now: 1960.
Total: 1.557600 ms (FindLiveObjects: 0.162600 ms CreateObjectMapping: 0.046600 ms MarkObjects: 1.294700 ms  DeleteObjects: 0.052700 ms)

========================================================================
Received Prepare
Registering precompiled user dll's ...
Registered in 0.000438 seconds.
Begin MonoManager ReloadAssembly
Native extension for WindowsStandalone target not found
Refreshing native plugins compatible for Editor in 0.45 ms, found 0 plugins.
Preloading 0 native plugins for Editor in 0.00 ms.
Mono: successfully reloaded assembly
- Completed reload, in  0.595 seconds
Platform modules already initialized, skipping
Refreshing native plugins compatible for Editor in 0.42 ms, found 0 plugins.
Preloading 0 native plugins for Editor in 0.00 ms.
Unloading 1416 Unused Serialized files (Serialized files now loaded: 0)
System memory in use before: 87.7 MB.
System memory in use after: 87.8 MB.

Unloading 5 unused Assets to reduce memory usage. Loaded Objects now: 1963.
Total: 1.446600 ms (FindLiveObjects: 0.145500 ms CreateObjectMapping: 0.043600 ms MarkObjects: 1.204300 ms  DeleteObjects: 0.052400 ms)

========================================================================
Received Import Request.
  Time since last request: 3497.836510 seconds.
  path: Assets/_DarkSouls_Resources/Scenes/Models/Characters/Characters_POLYGON_Knights.fbx
  artifactKey: Guid(d288a0e4a2d923b46898986e979da643) Importer(815301076,1909f56bfc062723c751e8b465ee728b)
Start importing Assets/_DarkSouls_Resources/Scenes/Models/Characters/Characters_POLYGON_Knights.fbx using Guid(d288a0e4a2d923b46898986e979da643) Importer(815301076,1909f56bfc062723c751e8b465ee728b)  -> (artifact id: '05a8a6a2e4601b0886c80dc1b0c505ef') in 0.188820 seconds
  Import took 0.191677 seconds .

========================================================================
Received Prepare
Registering precompiled user dll's ...
Registered in 0.000506 seconds.
Begin MonoManager ReloadAssembly
Native extension for WindowsStandalone target not found
Refreshing native plugins compatible for Editor in 0.47 ms, found 0 plugins.
Preloading 0 native plugins for Editor in 0.00 ms.
Mono: successfully reloaded assembly
- Completed reload, in  0.572 seconds
Platform modules already initialized, skipping
Refreshing native plugins compatible for Editor in 0.44 ms, found 0 plugins.
Preloading 0 native plugins for Editor in 0.00 ms.
Unloading 1416 Unused Serialized files (Serialized files now loaded: 0)
System memory in use before: 87.8 MB.
System memory in use after: 87.9 MB.

Unloading 6 unused Assets to reduce memory usage. Loaded Objects now: 1967.
Total: 1.488800 ms (FindLiveObjects: 0.130300 ms CreateObjectMapping: 0.036600 ms MarkObjects: 1.269400 ms  DeleteObjects: 0.051800 ms)

AssetImportWorkerClient::OnTransportError - code=2 error=End of file
